<?xml version="1.0" encoding="UTF-8"?>
<!-- Generated by org.testng.reporters.JUnitReportReporter -->
<testsuite hostname="sandeep-PC" name="com.tpvision_performance.testscripts.PerformingCanvasWidgetsTest" tests="1" failures="0" timestamp="12 Jan 2016 06:48:20 GMT" time="6.430" errors="0">
  <testcase name="addButtonWidget" time="6.430" classname="com.tpvision_performance.testscripts.PerformingCanvasWidgetsTest"/>
</testsuite> <!-- com.tpvision_performance.testscripts.PerformingCanvasWidgetsTest -->
