<?xml version="1.0" encoding="UTF-8"?>
<!-- Generated by org.testng.reporters.JUnitReportReporter -->
<testsuite hostname="sandeep-PC" name="com.tpvision_performance.testscripts.CopyOfCanvasWidgetsTest" tests="7" failures="0" timestamp="12 Jan 2016 09:59:13 GMT" time="294.595" errors="0">
  <testcase name="addButtonWidget" time="64.007" classname="com.tpvision_performance.testscripts.CopyOfCanvasWidgetsTest"/>
  <testcase name="addVideoWidget" time="62.757" classname="com.tpvision_performance.testscripts.CopyOfCanvasWidgetsTest"/>
  <testcase name="addChannelWidget" time="18.919" classname="com.tpvision_performance.testscripts.CopyOfCanvasWidgetsTest"/>
  <testcase name="addLanguageWidget" time="17.145" classname="com.tpvision_performance.testscripts.CopyOfCanvasWidgetsTest"/>
  <testcase name="addTextWidget" time="51.718" classname="com.tpvision_performance.testscripts.CopyOfCanvasWidgetsTest"/>
  <testcase name="addImageWidget" time="61.494" classname="com.tpvision_performance.testscripts.CopyOfCanvasWidgetsTest"/>
  <testcase name="addGadgetWidget" time="18.555" classname="com.tpvision_performance.testscripts.CopyOfCanvasWidgetsTest"/>
</testsuite> <!-- com.tpvision_performance.testscripts.CopyOfCanvasWidgetsTest -->
